"D:/Epic game/UE4/Assignment6/Content/FirstPerson/Meshes/LFootPrint.uasset" 0
"D:/Epic game/UE4/Assignment6/Content/FirstPerson/Meshes/LFootPrint.uexp" 1
"D:/Epic game/UE4/Assignment6/Content/FirstPerson/Meshes/RFootPrint.uasset" 2
"D:/Epic game/UE4/Assignment6/Content/FirstPerson/Meshes/RFootPrint.uexp" 3
"D:/Epic game/UE4/Assignment6/Content/FPWeapon/Materials/MaterialLayers/T_ML_FineRubber.uasset" 4
"D:/Epic game/UE4/Assignment6/Content/FPWeapon/Materials/MaterialLayers/T_ML_FineRubber.uexp" 5
"D:/Epic game/UE4/Assignment6/Content/FPWeapon/Materials/MaterialLayers/T_ML_FineRubber.ubulk" 6
"D:/Epic game/UE4/Assignment6/Content/Geometry/Meshes/CubeMaterial.uasset" 7
"D:/Epic game/UE4/Assignment6/Content/Geometry/Meshes/CubeMaterial.uexp" 8
"D:/Epic game/UE4/Assignment6/Content/Geometry/Meshes/1M_Cube_Chamfer.uasset" 9
"D:/Epic game/UE4/Assignment6/Content/Geometry/Meshes/1M_Cube_Chamfer.uexp" 10
"D:/Epic game/UE4/Assignment6/Content/Geometry/Meshes/TemplateFloor.uasset" 11
"D:/Epic game/UE4/Assignment6/Content/Geometry/Meshes/TemplateFloor.uexp" 12
"../../../Engine/Content/EngineMaterials/DefaultPhysicalMaterial.uasset" 13
"../../../Engine/Content/EngineMaterials/DefaultPhysicalMaterial.uexp" 14
"D:/Epic game/UE4/Assignment6/Content/MaterialLibrary/Textures/Target.uasset" 15
"D:/Epic game/UE4/Assignment6/Content/MaterialLibrary/Textures/Target.uexp" 16
"D:/Epic game/UE4/Assignment6/Content/MaterialLibrary/Materials/TargetMaterial.uasset" 17
"D:/Epic game/UE4/Assignment6/Content/MaterialLibrary/Materials/TargetMaterial.uexp" 18
"D:/Epic game/UE4/Assignment6/Content/MaterialLibrary/Meshes/ScoreTarget.uasset" 19
"D:/Epic game/UE4/Assignment6/Content/MaterialLibrary/Meshes/ScoreTarget.uexp" 20
"D:/Epic game/UE4/Assignment6/Content/MaterialLibrary/Textures/CrossHair.uasset" 21
"D:/Epic game/UE4/Assignment6/Content/MaterialLibrary/Textures/CrossHair.uexp" 22
"../../../Engine/Content/Animation/DefaultAnimBoneCompressionSettings.uasset" 23
"../../../Engine/Content/Animation/DefaultAnimBoneCompressionSettings.uexp" 24
"../../../Engine/Content/Animation/DefaultAnimCurveCompressionSettings.uasset" 25
"../../../Engine/Content/Animation/DefaultAnimCurveCompressionSettings.uexp" 26
"../../../Engine/Content/EngineMaterials/T_Default_Material_Grid_N.uasset" 27
"../../../Engine/Content/EngineMaterials/T_Default_Material_Grid_N.uexp" 28
"../../../Engine/Content/EngineMaterials/T_Default_Material_Grid_N.ubulk" 29
"../../../Engine/Content/EngineMaterials/T_Default_Material_Grid_M.uasset" 30
"../../../Engine/Content/EngineMaterials/T_Default_Material_Grid_M.uexp" 31
"../../../Engine/Content/EngineMaterials/T_Default_Material_Grid_M.ubulk" 32
"../../../Engine/Content/Functions/Engine_MaterialFunctions01/Opacity/CameraDepthFade.uasset" 33
"../../../Engine/Content/Functions/Engine_MaterialFunctions01/Opacity/CameraDepthFade.uexp" 34
"../../../Engine/Content/EngineMaterials/WorldGridMaterial.uasset" 35
"../../../Engine/Content/EngineMaterials/WorldGridMaterial.uexp" 36
"../../../Engine/Content/ArtTools/RenderToTexture/Meshes/S_1_Unit_Plane.uasset" 37
"../../../Engine/Content/ArtTools/RenderToTexture/Meshes/S_1_Unit_Plane.uexp" 38
"../../../Engine/Content/EngineMaterials/DefaultMaterial.uasset" 39
"../../../Engine/Content/EngineMaterials/DefaultMaterial.uexp" 40
"../../../Engine/Content/BasicShapes/Cone.uasset" 41
"../../../Engine/Content/BasicShapes/Cone.uexp" 42
"../../../Engine/Content/BasicShapes/Cube.uasset" 43
"../../../Engine/Content/BasicShapes/Cube.uexp" 44
"../../../Engine/Content/BasicShapes/Sphere.uasset" 45
"../../../Engine/Content/BasicShapes/Sphere.uexp" 46
"../../../Engine/Content/EditorLandscapeResources/DataLayer.uasset" 47
"../../../Engine/Content/EditorLandscapeResources/DataLayer.uexp" 48
"../../../Engine/Content/EditorLandscapeResources/DefaultAlphaTexture.uasset" 49
"../../../Engine/Content/EditorLandscapeResources/DefaultAlphaTexture.uexp" 50
"../../../Engine/Content/EditorMaterials/MAT_Groups_Toggle.uasset" 51
"../../../Engine/Content/EditorMaterials/MAT_Groups_Toggle.uexp" 52
"../../../Engine/Content/EditorMaterials/MAT_Groups_Visibility.uasset" 53
"../../../Engine/Content/EditorMaterials/MAT_Groups_Visibility.uexp" 54
"../../../Engine/Content/EditorMaterials/PreviewShadowIndicator.uasset" 55
"../../../Engine/Content/EditorMaterials/PreviewShadowIndicator.uexp" 56
"../../../Engine/Content/EditorMaterials/PreviewShadowIndicator.ubulk" 57
"../../../Engine/Content/EditorMaterials/PreviewShadowIndicatorMaterial.uasset" 58
"../../../Engine/Content/EditorMaterials/PreviewShadowIndicatorMaterial.uexp" 59
"../../../Engine/Content/EditorMaterials/MatineeGroups/MAT_ColorTrack.uasset" 60
"../../../Engine/Content/EditorMaterials/MatineeGroups/MAT_ColorTrack.uexp" 61
"../../../Engine/Content/EditorMaterials/MatineeGroups/MAT_Groups_Anim.uasset" 62
"../../../Engine/Content/EditorMaterials/MatineeGroups/MAT_Groups_Anim.uexp" 63
"../../../Engine/Content/EditorMaterials/MatineeGroups/MAT_Groups_AudioMaster.uasset" 64
"../../../Engine/Content/EditorMaterials/MatineeGroups/MAT_Groups_AudioMaster.uexp" 65
"../../../Engine/Content/EditorMaterials/MatineeGroups/MAT_Groups_Director.uasset" 66
"../../../Engine/Content/EditorMaterials/MatineeGroups/MAT_Groups_Director.uexp" 67
"../../../Engine/Content/EditorMaterials/MatineeGroups/MAT_Groups_Event.uasset" 68
"../../../Engine/Content/EditorMaterials/MatineeGroups/MAT_Groups_Event.uexp" 69
"../../../Engine/Content/EditorMaterials/MatineeGroups/MAT_Groups_Fade.uasset" 70
"../../../Engine/Content/EditorMaterials/MatineeGroups/MAT_Groups_Fade.uexp" 71
"../../../Engine/Content/EditorMaterials/MatineeGroups/MAT_Groups_Float.uasset" 72
"../../../Engine/Content/EditorMaterials/MatineeGroups/MAT_Groups_Float.uexp" 73
"../../../Engine/Content/EditorMaterials/MatineeGroups/MAT_Groups_Move.uasset" 74
"../../../Engine/Content/EditorMaterials/MatineeGroups/MAT_Groups_Move.uexp" 75
"../../../Engine/Content/EditorMaterials/MatineeGroups/MAT_Groups_Slomo.uasset" 76
"../../../Engine/Content/EditorMaterials/MatineeGroups/MAT_Groups_Slomo.uexp" 77
"../../../Engine/Content/EditorMaterials/MatineeGroups/MAT_Groups_Sound.uasset" 78
"../../../Engine/Content/EditorMaterials/MatineeGroups/MAT_Groups_Sound.uexp" 79
"../../../Engine/Content/EditorMaterials/MatineeGroups/MAT_Groups_Vector.uasset" 80
"../../../Engine/Content/EditorMaterials/MatineeGroups/MAT_Groups_Vector.uexp" 81
"../../../Engine/Content/EditorMaterials/ParticleSystems/PSysThumbnail_NoImage.uasset" 82
"../../../Engine/Content/EditorMaterials/ParticleSystems/PSysThumbnail_NoImage.uexp" 83
"../../../Engine/Content/EditorMaterials/ParticleSystems/PSysThumbnail_NoImage.ubulk" 84
"../../../Engine/Content/EditorMaterials/ParticleSystems/PSysThumbnail_OOD.uasset" 85
"../../../Engine/Content/EditorMaterials/ParticleSystems/PSysThumbnail_OOD.uexp" 86
"../../../Engine/Content/EditorMaterials/ParticleSystems/PSysThumbnail_OOD.ubulk" 87
"../../../Engine/Content/EditorMaterials/Camera/CineMat.uasset" 88
"../../../Engine/Content/EditorMaterials/Camera/CineMat.uexp" 89
"../../../Engine/Content/EditorMaterials/Camera/MI_CineMat_Rig.uasset" 90
"../../../Engine/Content/EditorMaterials/Camera/MI_CineMat_Rig.uexp" 91
"../../../Engine/Content/EditorMeshes/Camera/SM_CraneRig_Arm.uasset" 92
"../../../Engine/Content/EditorMeshes/Camera/SM_CraneRig_Arm.uexp" 93
"../../../Engine/Content/EditorMeshes/Camera/SM_CraneRig_Base.uasset" 94
"../../../Engine/Content/EditorMeshes/Camera/SM_CraneRig_Base.uexp" 95
"../../../Engine/Content/EditorMeshes/Camera/SM_CraneRig_Body.uasset" 96
"../../../Engine/Content/EditorMeshes/Camera/SM_CraneRig_Body.uexp" 97
"../../../Engine/Content/EditorMeshes/Camera/SM_CraneRig_Mount.uasset" 98
"../../../Engine/Content/EditorMeshes/Camera/SM_CraneRig_Mount.uexp" 99
"../../../Engine/Content/EditorMeshes/Camera/SM_RailRig_Mount.uasset" 100
"../../../Engine/Content/EditorMeshes/Camera/SM_RailRig_Mount.uexp" 101
"../../../Engine/Content/EditorMeshes/Camera/SM_RailRig_Track.uasset" 102
"../../../Engine/Content/EditorMeshes/Camera/SM_RailRig_Track.uexp" 103
"../../../Engine/Content/EditorResources/BSPVertex.uasset" 104
"../../../Engine/Content/EditorResources/BSPVertex.uexp" 105
"../../../Engine/Content/EditorResources/EmptyActor.uasset" 106
"../../../Engine/Content/EditorResources/EmptyActor.uexp" 107
"../../../Engine/Content/EditorResources/S_Actor.uasset" 108
"../../../Engine/Content/EditorResources/S_Actor.uexp" 109
"../../../Engine/Content/EditorResources/S_Actor.ubulk" 110
"../../../Engine/Content/EditorResources/S_Note.uasset" 111
"../../../Engine/Content/EditorResources/S_Note.uexp" 112
"../../../Engine/Content/EditorResources/S_Note.ubulk" 113
"../../../Engine/Content/EditorResources/S_Solver.uasset" 114
"../../../Engine/Content/EditorResources/S_Solver.uexp" 115
"../../../Engine/Content/EditorResources/S_Solver.ubulk" 116
"../../../Engine/Content/EditorResources/S_Terrain.uasset" 117
"../../../Engine/Content/EditorResources/S_Terrain.uexp" 118
"../../../Engine/Content/EditorResources/S_Terrain.ubulk" 119
"../../../Engine/Content/EditorResources/S_Trigger.uasset" 120
"../../../Engine/Content/EditorResources/S_Trigger.uexp" 121
"../../../Engine/Content/EditorResources/S_Trigger.ubulk" 122
"../../../Engine/Content/EditorResources/LightIcons/S_LightError.uasset" 123
"../../../Engine/Content/EditorResources/LightIcons/S_LightError.uexp" 124
"../../../Engine/Content/EditorResources/SequenceRecorder/Countdown.uasset" 125
"../../../Engine/Content/EditorResources/SequenceRecorder/Countdown.uexp" 126
"../../../Engine/Content/EditorResources/SequenceRecorder/RecordingIndicator.uasset" 127
"../../../Engine/Content/EditorResources/SequenceRecorder/RecordingIndicator.uexp" 128
"../../../Engine/Content/EngineDamageTypes/DmgTypeBP_Environmental.uasset" 129
"../../../Engine/Content/EngineDamageTypes/DmgTypeBP_Environmental.uexp" 130
"../../../Engine/Content/EngineDebugMaterials/DebugEditorMaterial.uasset" 131
"../../../Engine/Content/EngineDebugMaterials/DebugEditorMaterial.uexp" 132
"../../../Engine/Content/EngineDebugMaterials/DebugMeshMaterial.uasset" 133
"../../../Engine/Content/EngineDebugMaterials/DebugMeshMaterial.uexp" 134
"../../../Engine/Content/EngineDebugMaterials/M_SimpleUnlitTranslucent.uasset" 135
"../../../Engine/Content/EngineDebugMaterials/M_SimpleUnlitTranslucent.uexp" 136
"../../../Engine/Content/EngineDebugMaterials/VolumeToRender.uasset" 137
"../../../Engine/Content/EngineDebugMaterials/VolumeToRender.uexp" 138
"../../../Engine/Content/Functions/Engine_MaterialFunctions02/Utility/CameraDirectionVector.uasset" 139
"../../../Engine/Content/Functions/Engine_MaterialFunctions02/Utility/CameraDirectionVector.uexp" 140
"../../../Engine/Content/EngineDebugMaterials/M_VolumeRenderSphereTracePP.uasset" 141
"../../../Engine/Content/EngineDebugMaterials/M_VolumeRenderSphereTracePP.uexp" 142
"../../../Engine/Content/Functions/Engine_MaterialFunctions01/Shading/ConvertFromDiffSpec.uasset" 143
"../../../Engine/Content/Functions/Engine_MaterialFunctions01/Shading/ConvertFromDiffSpec.uexp" 144
"../../../Engine/Content/EngineDebugMaterials/VertexColorMaterial.uasset" 145
"../../../Engine/Content/EngineDebugMaterials/VertexColorMaterial.uexp" 146
"../../../Engine/Content/EngineDebugMaterials/WireframeMaterial.uasset" 147
"../../../Engine/Content/EngineDebugMaterials/WireframeMaterial.uexp" 148
"../../../Engine/Content/EngineFonts/Faces/RobotoRegular.uasset" 149
"../../../Engine/Content/EngineFonts/Faces/RobotoRegular.uexp" 150
"../../../Engine/Content/EngineFonts/Faces/RobotoRegular.ufont" 151
"../../../Engine/Content/EngineFonts/Faces/RobotoLight.uasset" 152
"../../../Engine/Content/EngineFonts/Faces/RobotoLight.uexp" 153
"../../../Engine/Content/EngineFonts/Faces/RobotoLight.ufont" 154
"../../../Engine/Content/EngineFonts/Faces/RobotoItalic.uasset" 155
"../../../Engine/Content/EngineFonts/Faces/RobotoItalic.uexp" 156
"../../../Engine/Content/EngineFonts/Faces/RobotoItalic.ufont" 157
"../../../Engine/Content/EngineFonts/Faces/RobotoBoldItalic.uasset" 158
"../../../Engine/Content/EngineFonts/Faces/RobotoBoldItalic.uexp" 159
"../../../Engine/Content/EngineFonts/Faces/RobotoBoldItalic.ufont" 160
"../../../Engine/Content/EngineFonts/Faces/RobotoBold.uasset" 161
"../../../Engine/Content/EngineFonts/Faces/RobotoBold.uexp" 162
"../../../Engine/Content/EngineFonts/Faces/RobotoBold.ufont" 163
"../../../Engine/Content/EngineFonts/Faces/DroidSansFallback.uasset" 164
"../../../Engine/Content/EngineFonts/Faces/DroidSansFallback.uexp" 165
"../../../Engine/Content/EngineFonts/Faces/DroidSansFallback.ufont" 166
"../../../Engine/Content/EngineFonts/Roboto.uasset" 167
"../../../Engine/Content/EngineFonts/Roboto.uexp" 168
"../../../Engine/Content/EngineMaterials/BaseFlattenNormalMap.uasset" 169
"../../../Engine/Content/EngineMaterials/BaseFlattenNormalMap.uexp" 170
"../../../Engine/Content/EngineMaterials/BaseFlattenGrayscaleMap.uasset" 171
"../../../Engine/Content/EngineMaterials/BaseFlattenGrayscaleMap.uexp" 172
"../../../Engine/Content/EngineMaterials/BaseFlattenEmissiveMap.uasset" 173
"../../../Engine/Content/EngineMaterials/BaseFlattenEmissiveMap.uexp" 174
"../../../Engine/Content/EngineMaterials/BaseFlattenDiffuseMap.uasset" 175
"../../../Engine/Content/EngineMaterials/BaseFlattenDiffuseMap.uexp" 176
"../../../Engine/Content/EngineMaterials/BaseFlattenMaterial.uasset" 177
"../../../Engine/Content/EngineMaterials/BaseFlattenMaterial.uexp" 178
"../../../Engine/Content/EngineMaterials/BlueNoise.uasset" 179
"../../../Engine/Content/EngineMaterials/BlueNoise.uexp" 180
"../../../Engine/Content/EngineMaterials/DefaultBloomKernel.uasset" 181
"../../../Engine/Content/EngineMaterials/DefaultBloomKernel.uexp" 182
"../../../Engine/Content/EngineMaterials/DefaultBokeh.uasset" 183
"../../../Engine/Content/EngineMaterials/DefaultBokeh.uexp" 184
"../../../Engine/Content/EngineMaterials/DefaultDiffuse.uasset" 185
"../../../Engine/Content/EngineMaterials/DefaultDiffuse.uexp" 186
"../../../Engine/Content/EngineMaterials/DefaultDiffuse.ubulk" 187
"../../../Engine/Content/EngineMaterials/DefaultDeferredDecalMaterial.uasset" 188
"../../../Engine/Content/EngineMaterials/DefaultDeferredDecalMaterial.uexp" 189
"../../../Engine/Content/EngineMaterials/DefaultLightFunctionMaterial.uasset" 190
"../../../Engine/Content/EngineMaterials/DefaultLightFunctionMaterial.uexp" 191
"../../../Engine/Content/Functions/Engine_MaterialFunctions02/Utility/BreakOutFloat2Components.uasset" 192
"../../../Engine/Content/Functions/Engine_MaterialFunctions02/Utility/BreakOutFloat2Components.uexp" 193
"../../../Engine/Content/EngineMaterials/DefaultPostProcessMaterial.uasset" 194
"../../../Engine/Content/EngineMaterials/DefaultPostProcessMaterial.uexp" 195
"../../../Engine/Content/EngineFonts/RobotoDistanceField.uasset" 196
"../../../Engine/Content/EngineFonts/RobotoDistanceField.uexp" 197
"../../../Engine/Content/EngineMaterials/DefaultTextMaterialOpaque.uasset" 198
"../../../Engine/Content/EngineMaterials/DefaultTextMaterialOpaque.uexp" 199
"../../../Engine/Content/EngineMaterials/DefaultWhiteGrid.uasset" 200
"../../../Engine/Content/EngineMaterials/DefaultWhiteGrid.uexp" 201
"../../../Engine/Content/EngineMaterials/DefaultWhiteGrid.ubulk" 202
"../../../Engine/Content/EngineMaterials/DefaultWhiteGrid_Low.uasset" 203
"../../../Engine/Content/EngineMaterials/DefaultWhiteGrid_Low.uexp" 204
"../../../Engine/Content/EngineMaterials/EmissiveMeshMaterial.uasset" 205
"../../../Engine/Content/EngineMaterials/EmissiveMeshMaterial.uexp" 206
"../../../Engine/Content/EngineMaterials/GizmoMaterial.uasset" 207
"../../../Engine/Content/EngineMaterials/GizmoMaterial.uexp" 208
"../../../Engine/Content/EngineMaterials/Good64x64TilingNoiseHighFreq.uasset" 209
"../../../Engine/Content/EngineMaterials/Good64x64TilingNoiseHighFreq.uexp" 210
"../../../Engine/Content/EngineMaterials/MiniFont.uasset" 211
"../../../Engine/Content/EngineMaterials/MiniFont.uexp" 212
"../../../Engine/Content/EngineMaterials/InvalidLightmapSettings.uasset" 213
"../../../Engine/Content/EngineMaterials/InvalidLightmapSettings.uexp" 214
"../../../Engine/Content/EngineMaterials/InvalidLightmapSettings.ubulk" 215
"../../../Engine/Content/EngineMaterials/M_InvalidLightmapSettings.uasset" 216
"../../../Engine/Content/EngineMaterials/M_InvalidLightmapSettings.uexp" 217
"../../../Engine/Content/Functions/Engine_MaterialFunctions02/WorldPositionOffset/CameraOffset.uasset" 218
"../../../Engine/Content/Functions/Engine_MaterialFunctions02/WorldPositionOffset/CameraOffset.uexp" 219
"../../../Engine/Content/EngineMaterials/PhAT_JointLimitMaterial.uasset" 220
"../../../Engine/Content/EngineMaterials/PhAT_JointLimitMaterial.uexp" 221
"../../../Engine/Content/EngineMaterials/DefaultCalibrationColor.uasset" 222
"../../../Engine/Content/EngineMaterials/DefaultCalibrationColor.uexp" 223
"../../../Engine/Content/EngineMaterials/PPM_DefaultCalibrationColor.uasset" 224
"../../../Engine/Content/EngineMaterials/PPM_DefaultCalibrationColor.uexp" 225
"../../../Engine/Content/EngineMaterials/DefaultCalibrationGrayscale.uasset" 226
"../../../Engine/Content/EngineMaterials/DefaultCalibrationGrayscale.uexp" 227
"../../../Engine/Content/EngineMaterials/PPM_DefaultCalibrationGrayscale.uasset" 228
"../../../Engine/Content/EngineMaterials/PPM_DefaultCalibrationGrayscale.uexp" 229
"../../../Engine/Content/EngineMaterials/PreintegratedSkinBRDF.uasset" 230
"../../../Engine/Content/EngineMaterials/PreintegratedSkinBRDF.uexp" 231
"../../../Engine/Content/EngineMaterials/RemoveSurfaceMaterial.uasset" 232
"../../../Engine/Content/EngineMaterials/RemoveSurfaceMaterial.uexp" 233
"../../../Engine/Content/EngineMaterials/WeightMapPlaceholderTexture.uasset" 234
"../../../Engine/Content/EngineMaterials/WeightMapPlaceholderTexture.uexp" 235
"../../../Engine/Content/EngineResources/WhiteSquareTexture.uasset" 236
"../../../Engine/Content/EngineResources/WhiteSquareTexture.uexp" 237
"../../../Engine/Content/EngineMaterials/Widget3DPassThrough.uasset" 238
"../../../Engine/Content/EngineMaterials/Widget3DPassThrough.uexp" 239
"../../../Engine/Content/EngineMaterials/Widget3DPassThrough_Masked.uasset" 240
"../../../Engine/Content/EngineMaterials/Widget3DPassThrough_Masked.uexp" 241
"../../../Engine/Content/EngineMaterials/Widget3DPassThrough_Opaque.uasset" 242
"../../../Engine/Content/EngineMaterials/Widget3DPassThrough_Opaque.uexp" 243
"../../../Engine/Content/EngineMaterials/Widget3DPassThrough_Masked_OneSided.uasset" 244
"../../../Engine/Content/EngineMaterials/Widget3DPassThrough_Masked_OneSided.uexp" 245
"../../../Engine/Content/EngineMaterials/Widget3DPassThrough_Opaque_OneSided.uasset" 246
"../../../Engine/Content/EngineMaterials/Widget3DPassThrough_Opaque_OneSided.uexp" 247
"../../../Engine/Content/EngineMaterials/Widget3DPassThrough_Translucent.uasset" 248
"../../../Engine/Content/EngineMaterials/Widget3DPassThrough_Translucent.uexp" 249
"../../../Engine/Content/EngineMaterials/Widget3DPassThrough_Translucent_OneSided.uasset" 250
"../../../Engine/Content/EngineMaterials/Widget3DPassThrough_Translucent_OneSided.uexp" 251
"../../../Engine/Content/EngineMeshes/Cylinder.uasset" 252
"../../../Engine/Content/EngineMeshes/Cylinder.uexp" 253
"../../../Engine/Content/EngineMeshes/Sphere.uasset" 254
"../../../Engine/Content/EngineMeshes/Sphere.uexp" 255
"../../../Engine/Content/EngineResources/DefaultTexture.uasset" 256
"../../../Engine/Content/EngineResources/DefaultTexture.uexp" 257
"../../../Engine/Content/EngineResources/DefaultTexture.ubulk" 258
"../../../Engine/Content/EngineResources/DefaultTextureCube.uasset" 259
"../../../Engine/Content/EngineResources/DefaultTextureCube.uexp" 260
"../../../Engine/Content/EngineResources/DefaultVolumeTexture2D.uasset" 261
"../../../Engine/Content/EngineResources/DefaultVolumeTexture2D.uexp" 262
"../../../Engine/Content/EngineResources/DefaultVolumeTexture.uasset" 263
"../../../Engine/Content/EngineResources/DefaultVolumeTexture.uexp" 264
"../../../Engine/Content/EngineResources/GradientTexture0.uasset" 265
"../../../Engine/Content/EngineResources/GradientTexture0.uexp" 266
"../../../Engine/Content/EngineSky/VolumetricClouds/T_NoiseShape64.uasset" 267
"../../../Engine/Content/EngineSky/VolumetricClouds/T_NoiseShape64.uexp" 268
"../../../Engine/Content/EngineSky/VolumetricClouds/T_NoiseShape64.ubulk" 269
"../../../Engine/Content/EngineSky/VolumetricClouds/T_VolumeNoiseShape64.uasset" 270
"../../../Engine/Content/EngineSky/VolumetricClouds/T_VolumeNoiseShape64.uexp" 271
"../../../Engine/Content/EngineSky/VolumetricClouds/T_NoiseErosion.uasset" 272
"../../../Engine/Content/EngineSky/VolumetricClouds/T_NoiseErosion.uexp" 273
"../../../Engine/Content/EngineSky/VolumetricClouds/T_NoiseErosion.ubulk" 274
"../../../Engine/Content/EngineSky/VolumetricClouds/T_VolumeNoiseErosion32.uasset" 275
"../../../Engine/Content/EngineSky/VolumetricClouds/T_VolumeNoiseErosion32.uexp" 276
"../../../Engine/Content/EngineSky/VolumetricClouds/CloudWeatherTexture.uasset" 277
"../../../Engine/Content/EngineSky/VolumetricClouds/CloudWeatherTexture.uexp" 278
"../../../Engine/Content/EngineSky/VolumetricClouds/CloudGradientTexture.uasset" 279
"../../../Engine/Content/EngineSky/VolumetricClouds/CloudGradientTexture.uexp" 280
"../../../Engine/Content/Functions/Engine_MaterialFunctions02/Utility/MakeFloat2.uasset" 281
"../../../Engine/Content/Functions/Engine_MaterialFunctions02/Utility/MakeFloat2.uexp" 282
"../../../Engine/Content/EngineSky/VolumetricClouds/m_SimpleVolumetricCloud.uasset" 283
"../../../Engine/Content/EngineSky/VolumetricClouds/m_SimpleVolumetricCloud.uexp" 284
"../../../Engine/Content/EngineSky/VolumetricClouds/m_SimpleVolumetricCloud_Inst.uasset" 285
"../../../Engine/Content/EngineSky/VolumetricClouds/m_SimpleVolumetricCloud_Inst.uexp" 286
"../../../Engine/Content/EngineSounds/Master.uasset" 287
"../../../Engine/Content/EngineSounds/Master.uexp" 288
"../../../Engine/Content/Functions/Engine_MaterialFunctions01/Shading/PowerToRoughness.uasset" 289
"../../../Engine/Content/Functions/Engine_MaterialFunctions01/Shading/PowerToRoughness.uexp" 290
"../../../Engine/Content/Maps/Templates/Thumbnails/Default.uasset" 291
"../../../Engine/Content/Maps/Templates/Thumbnails/Default.uexp" 292
"../../../Engine/Content/Maps/Templates/Thumbnails/TimeOfDay.uasset" 293
"../../../Engine/Content/Maps/Templates/Thumbnails/TimeOfDay.uexp" 294
"../../../Engine/Content/Maps/Templates/Thumbnails/VR-Basic.uasset" 295
"../../../Engine/Content/Maps/Templates/Thumbnails/VR-Basic.uexp" 296
"../../../Engine/Content/MobileResources/T_MobileControls_texture.uasset" 297
"../../../Engine/Content/MobileResources/T_MobileControls_texture.uexp" 298
"../../../Engine/Content/MobileResources/T_MobileMenu2.uasset" 299
"../../../Engine/Content/MobileResources/T_MobileMenu2.uexp" 300
"../../../Engine/Content/MobileResources/HUD/AnalogHat.uasset" 301
"../../../Engine/Content/MobileResources/HUD/AnalogHat.uexp" 302
"../../../Engine/Content/MobileResources/HUD/VirtualJoystick_Thumb.uasset" 303
"../../../Engine/Content/MobileResources/HUD/VirtualJoystick_Thumb.uexp" 304
"../../../Engine/Content/MobileResources/HUD/VirtualJoystick_Background.uasset" 305
"../../../Engine/Content/MobileResources/HUD/VirtualJoystick_Background.uexp" 306
"../../../Engine/Content/MobileResources/HUD/DefaultVirtualJoysticks.uasset" 307
"../../../Engine/Content/MobileResources/HUD/DefaultVirtualJoysticks.uexp" 308
"../../../Engine/Content/MobileResources/HUD/LeftVirtualJoystickOnly.uasset" 309
"../../../Engine/Content/MobileResources/HUD/LeftVirtualJoystickOnly.uexp" 310
"../../../Engine/Content/MobileResources/HUD/MobileHUDButton1_off.uasset" 311
"../../../Engine/Content/MobileResources/HUD/MobileHUDButton1_off.uexp" 312
"../../../Engine/Content/MobileResources/HUD/MobileHUDButton1_on.uasset" 313
"../../../Engine/Content/MobileResources/HUD/MobileHUDButton1_on.uexp" 314
"../../../Engine/Content/MobileResources/HUD/MobileHUDButton2_off.uasset" 315
"../../../Engine/Content/MobileResources/HUD/MobileHUDButton2_off.uexp" 316
"../../../Engine/Content/MobileResources/HUD/MobileHUDButton2_on.uasset" 317
"../../../Engine/Content/MobileResources/HUD/MobileHUDButton2_on.uexp" 318
"../../../Engine/Content/MobileResources/HUD/MobileHUDButton3.uasset" 319
"../../../Engine/Content/MobileResources/HUD/MobileHUDButton3.uexp" 320
"../../../Engine/Content/MobileResources/HUD/MobileHUDButtonFire.uasset" 321
"../../../Engine/Content/MobileResources/HUD/MobileHUDButtonFire.uexp" 322
"../../../Engine/Content/MobileResources/HUD/MobileHUDDirectionPad.uasset" 323
"../../../Engine/Content/MobileResources/HUD/MobileHUDDirectionPad.uexp" 324
"../../../Engine/Content/MobileResources/HUD/MobileHUDDirectionPad2.uasset" 325
"../../../Engine/Content/MobileResources/HUD/MobileHUDDirectionPad2.uexp" 326
"../../../Engine/Content/MobileResources/HUD/MobileHUDDirectionPad3.uasset" 327
"../../../Engine/Content/MobileResources/HUD/MobileHUDDirectionPad3.uexp" 328
"../../../Engine/Content/MobileResources/HUD/MobileHUDDirectionStick.uasset" 329
"../../../Engine/Content/MobileResources/HUD/MobileHUDDirectionStick.uexp" 330
"../../../Engine/Content/MobileResources/HUD/T_Castle_ThumbstickInner.uasset" 331
"../../../Engine/Content/MobileResources/HUD/T_Castle_ThumbstickInner.uexp" 332
"../../../Engine/Content/MobileResources/HUD/T_Castle_ThumbstickOutter.uasset" 333
"../../../Engine/Content/MobileResources/HUD/T_Castle_ThumbstickOutter.uexp" 334
"../../../Engine/Content/Tutorial/ContentIntroCurve.uasset" 335
"../../../Engine/Content/Tutorial/ContentIntroCurve.uexp" 336
"../../../Engine/Content/Tutorial/Basics/TutorialAssets/icon_tab_Levels_40x.uasset" 337
"../../../Engine/Content/Tutorial/Basics/TutorialAssets/icon_tab_Levels_40x.uexp" 338
"../../../Engine/Content/Tutorial/BlueprintTutorials/TutorialAssets/Blueprint_64x.uasset" 339
"../../../Engine/Content/Tutorial/BlueprintTutorials/TutorialAssets/Blueprint_64x.uexp" 340
"../../../Engine/Content/VREditor/TransformGizmo/TranslucentTransformGizmoMaterial.uasset" 341
"../../../Engine/Content/VREditor/TransformGizmo/TranslucentTransformGizmoMaterial.uexp" 342
"../../../Engine/Content/VREditor/LaserPointer/VR_LaserPower_01.uasset" 343
"../../../Engine/Content/VREditor/LaserPointer/VR_LaserPower_01.uexp" 344
"../../../Engine/Content/VREditor/LaserPointer/VR_LaserPower_01.ubulk" 345
"../../../Engine/Content/VREditor/TransformGizmo/TransformGizmoMaterial.uasset" 346
"../../../Engine/Content/VREditor/TransformGizmo/TransformGizmoMaterial.uexp" 347
"../../../Engine/Content/VREditor/TransformGizmo/BoundingBoxCorner.uasset" 348
"../../../Engine/Content/VREditor/TransformGizmo/BoundingBoxCorner.uexp" 349
"../../../Engine/Content/VREditor/TransformGizmo/BoundingBoxEdge.uasset" 350
"../../../Engine/Content/VREditor/TransformGizmo/BoundingBoxEdge.uexp" 351
"../../../Engine/Content/VREditor/TransformGizmo/PlaneTranslationHandle.uasset" 352
"../../../Engine/Content/VREditor/TransformGizmo/PlaneTranslationHandle.uexp" 353
"../../../Engine/Content/VREditor/TransformGizmo/Xray.uasset" 354
"../../../Engine/Content/VREditor/TransformGizmo/Xray.uexp" 355
"../../../Engine/Content/VREditor/TransformGizmo/Main.uasset" 356
"../../../Engine/Content/VREditor/TransformGizmo/Main.uexp" 357
"../../../Engine/Content/VREditor/TransformGizmo/SM_Sequencer_Key.uasset" 358
"../../../Engine/Content/VREditor/TransformGizmo/SM_Sequencer_Key.uexp" 359
"../../../Engine/Content/VREditor/TransformGizmo/SM_Sequencer_Node.uasset" 360
"../../../Engine/Content/VREditor/TransformGizmo/SM_Sequencer_Node.uexp" 361
"../../../Engine/Plugins/2D/Paper2D/Content/PlaceholderTextures/DummySpriteTexture.uasset" 362
"../../../Engine/Plugins/2D/Paper2D/Content/PlaceholderTextures/DummySpriteTexture.uexp" 363
"../../../Engine/Plugins/2D/Paper2D/Content/PlaceholderTextures/DummySpriteTexture.ubulk" 364
"../../../Engine/Plugins/2D/Paper2D/Content/DummySprite.uasset" 365
"../../../Engine/Plugins/2D/Paper2D/Content/DummySprite.uexp" 366
"../../../Engine/Plugins/2D/Paper2D/Content/DefaultPaperTerrainMaterial.uasset" 367
"../../../Engine/Plugins/2D/Paper2D/Content/DefaultPaperTerrainMaterial.uexp" 368
"../../../Engine/Plugins/2D/Paper2D/Content/DefaultSpriteMaterial.uasset" 369
"../../../Engine/Plugins/2D/Paper2D/Content/DefaultSpriteMaterial.uexp" 370
"../../../Engine/Plugins/2D/Paper2D/Content/MaskedUnlitSpriteMaterial.uasset" 371
"../../../Engine/Plugins/2D/Paper2D/Content/MaskedUnlitSpriteMaterial.uexp" 372
"../../../Engine/Plugins/2D/Paper2D/Content/OpaqueUnlitSpriteMaterial.uasset" 373
"../../../Engine/Plugins/2D/Paper2D/Content/OpaqueUnlitSpriteMaterial.uexp" 374
"../../../Engine/Content/Functions/Engine_MaterialFunctions02/Utility/BreakOutFloat3Components.uasset" 375
"../../../Engine/Content/Functions/Engine_MaterialFunctions02/Utility/BreakOutFloat3Components.uexp" 376
"../../../Engine/Plugins/Editor/SpeedTreeImporter/Content/SpeedTree9/UnpackInteger3.uasset" 377
"../../../Engine/Plugins/Editor/SpeedTreeImporter/Content/SpeedTree9/UnpackInteger3.uexp" 378
"../../../Engine/Plugins/Editor/SpeedTreeImporter/Content/SpeedTree9/UnpackDirection.uasset" 379
"../../../Engine/Plugins/Editor/SpeedTreeImporter/Content/SpeedTree9/UnpackDirection.uexp" 380
"../../../Engine/Plugins/Editor/SpeedTreeImporter/Content/SpeedTree9/game_wind_noise.uasset" 381
"../../../Engine/Plugins/Editor/SpeedTreeImporter/Content/SpeedTree9/game_wind_noise.uexp" 382
"../../../Engine/Plugins/Editor/SpeedTreeImporter/Content/SpeedTree9/game_wind_noise.ubulk" 383
"../../../Engine/Content/Functions/Engine_MaterialFunctions02/SafeNormalize.uasset" 384
"../../../Engine/Content/Functions/Engine_MaterialFunctions02/SafeNormalize.uexp" 385
"../../../Engine/Plugins/Editor/SpeedTreeImporter/Content/SpeedTree9/SpeedTreeWindMotion.uasset" 386
"../../../Engine/Plugins/Editor/SpeedTreeImporter/Content/SpeedTree9/SpeedTreeWindMotion.uexp" 387
"../../../Engine/Plugins/Editor/SpeedTreeImporter/Content/SpeedTree9/SpeedTreeBranchMotion.uasset" 388
"../../../Engine/Plugins/Editor/SpeedTreeImporter/Content/SpeedTree9/SpeedTreeBranchMotion.uexp" 389
"../../../Engine/Content/Functions/Engine_MaterialFunctions02/ObjectLocalBounds.uasset" 390
"../../../Engine/Content/Functions/Engine_MaterialFunctions02/ObjectLocalBounds.uexp" 391
"../../../Engine/Content/Functions/Engine_MaterialFunctions02/UVs/BoundingBoxBased_0-1_UVW.uasset" 392
"../../../Engine/Content/Functions/Engine_MaterialFunctions02/UVs/BoundingBoxBased_0-1_UVW.uexp" 393
"../../../Engine/Content/Functions/Engine_MaterialFunctions02/Utility/VectorLength.uasset" 394
"../../../Engine/Content/Functions/Engine_MaterialFunctions02/Utility/VectorLength.uexp" 395
"../../../Engine/Content/Functions/Engine_MaterialFunctions02/WorldPositionOffset/ObjectScale.uasset" 396
"../../../Engine/Content/Functions/Engine_MaterialFunctions02/WorldPositionOffset/ObjectScale.uexp" 397
"../../../Engine/Plugins/Editor/SpeedTreeImporter/Content/SpeedTree9/SpeedTreeWind.uasset" 398
"../../../Engine/Plugins/Editor/SpeedTreeImporter/Content/SpeedTree9/SpeedTreeWind.uexp" 399
"../../../Engine/Plugins/Editor/SpeedTreeImporter/Content/SpeedTree9/SpeedTreeBillboard.uasset" 400
"../../../Engine/Plugins/Editor/SpeedTreeImporter/Content/SpeedTree9/SpeedTreeBillboard.uexp" 401
"../../../Engine/Plugins/Editor/SpeedTreeImporter/Content/SpeedTree9/EmptyNormal.uasset" 402
"../../../Engine/Plugins/Editor/SpeedTreeImporter/Content/SpeedTree9/EmptyNormal.uexp" 403
"../../../Engine/Plugins/Editor/SpeedTreeImporter/Content/SpeedTree9/Empty.uasset" 404
"../../../Engine/Plugins/Editor/SpeedTreeImporter/Content/SpeedTree9/Empty.uexp" 405
"../../../Engine/Plugins/Editor/SpeedTreeImporter/Content/SpeedTree9/SpeedTreeBillboardMaster.uasset" 406
"../../../Engine/Plugins/Editor/SpeedTreeImporter/Content/SpeedTree9/SpeedTreeBillboardMaster.uexp" 407
"../../../Engine/Plugins/Editor/SpeedTreeImporter/Content/SpeedTree9/SpeedTreeCameraFacing.uasset" 408
"../../../Engine/Plugins/Editor/SpeedTreeImporter/Content/SpeedTree9/SpeedTreeCameraFacing.uexp" 409
"../../../Engine/Plugins/Editor/SpeedTreeImporter/Content/SpeedTree9/SpeedTreeMaster.uasset" 410
"../../../Engine/Plugins/Editor/SpeedTreeImporter/Content/SpeedTree9/SpeedTreeMaster.uexp" 411
"../../../Engine/Content/ArtTools/RenderToTexture/Materials/Debug/M_Emissive_Color.uasset" 412
"../../../Engine/Content/ArtTools/RenderToTexture/Materials/Debug/M_Emissive_Color.uexp" 413
"../../../Engine/Content/BasicShapes/Cylinder.uasset" 414
"../../../Engine/Content/BasicShapes/Cylinder.uexp" 415
"../../../Engine/Plugins/Lumin/MagicLeapPassableWorld/Content/MagicLeapARPinInfoActor.uasset" 416
"../../../Engine/Plugins/Lumin/MagicLeapPassableWorld/Content/MagicLeapARPinInfoActor.uexp" 417
"../../../Engine/Plugins/Runtime/OpenXR/Content/Devices/GoogleDaydream/MRTexture.uasset" 418
"../../../Engine/Plugins/Runtime/OpenXR/Content/Devices/GoogleDaydream/MRTexture.uexp" 419
"../../../Engine/Plugins/Runtime/OpenXR/Content/Devices/GoogleDaydream/MRTexture.ubulk" 420
"../../../Engine/Plugins/Runtime/OpenXR/Content/Devices/GoogleDaydream/BaseTexture.uasset" 421
"../../../Engine/Plugins/Runtime/OpenXR/Content/Devices/GoogleDaydream/BaseTexture.uexp" 422
"../../../Engine/Plugins/Runtime/OpenXR/Content/Devices/GoogleDaydream/BaseTexture.ubulk" 423
"../../../Engine/Content/EngineResources/Black.uasset" 424
"../../../Engine/Content/EngineResources/Black.uexp" 425
"../../../Engine/Plugins/Runtime/OpenXR/Content/Devices/M_XRController.uasset" 426
"../../../Engine/Plugins/Runtime/OpenXR/Content/Devices/M_XRController.uexp" 427
"../../../Engine/Plugins/Runtime/OpenXR/Content/Devices/GoogleDaydream/MI_GoogleDaydream.uasset" 428
"../../../Engine/Plugins/Runtime/OpenXR/Content/Devices/GoogleDaydream/MI_GoogleDaydream.uexp" 429
"../../../Engine/Plugins/Runtime/OpenXR/Content/Devices/GoogleDaydream/GoogleDaydreamController.uasset" 430
"../../../Engine/Plugins/Runtime/OpenXR/Content/Devices/GoogleDaydream/GoogleDaydreamController.uexp" 431
"../../../Engine/Plugins/Runtime/OpenXR/Content/Devices/HTCVive/BaseTexture.uasset" 432
"../../../Engine/Plugins/Runtime/OpenXR/Content/Devices/HTCVive/BaseTexture.uexp" 433
"../../../Engine/Plugins/Runtime/OpenXR/Content/Devices/HTCVive/BaseTexture.ubulk" 434
"../../../Engine/Plugins/Runtime/OpenXR/Content/Devices/HTCVive/MI_HTCVive.uasset" 435
"../../../Engine/Plugins/Runtime/OpenXR/Content/Devices/HTCVive/MI_HTCVive.uexp" 436
"../../../Engine/Plugins/Runtime/OpenXR/Content/Devices/HTCVive/HTCViveController.uasset" 437
"../../../Engine/Plugins/Runtime/OpenXR/Content/Devices/HTCVive/HTCViveController.uexp" 438
"../../../Engine/Plugins/Runtime/OpenXR/Content/Devices/MicrosoftMixedReality/NormalTexture.uasset" 439
"../../../Engine/Plugins/Runtime/OpenXR/Content/Devices/MicrosoftMixedReality/NormalTexture.uexp" 440
"../../../Engine/Plugins/Runtime/OpenXR/Content/Devices/MicrosoftMixedReality/NormalTexture.ubulk" 441
"../../../Engine/Plugins/Runtime/OpenXR/Content/Devices/MicrosoftMixedReality/MRTexture.uasset" 442
"../../../Engine/Plugins/Runtime/OpenXR/Content/Devices/MicrosoftMixedReality/MRTexture.uexp" 443
"../../../Engine/Plugins/Runtime/OpenXR/Content/Devices/MicrosoftMixedReality/MRTexture.ubulk" 444
"../../../Engine/Plugins/Runtime/OpenXR/Content/Devices/MicrosoftMixedReality/EmissiveTexture.uasset" 445
"../../../Engine/Plugins/Runtime/OpenXR/Content/Devices/MicrosoftMixedReality/EmissiveTexture.uexp" 446
"../../../Engine/Plugins/Runtime/OpenXR/Content/Devices/MicrosoftMixedReality/EmissiveTexture.ubulk" 447
"../../../Engine/Plugins/Runtime/OpenXR/Content/Devices/MicrosoftMixedReality/BaseTexture.uasset" 448
"../../../Engine/Plugins/Runtime/OpenXR/Content/Devices/MicrosoftMixedReality/BaseTexture.uexp" 449
"../../../Engine/Plugins/Runtime/OpenXR/Content/Devices/MicrosoftMixedReality/BaseTexture.ubulk" 450
"../../../Engine/Plugins/Runtime/OpenXR/Content/Devices/MicrosoftMixedReality/MI_MicrosoftMixedReality.uasset" 451
"../../../Engine/Plugins/Runtime/OpenXR/Content/Devices/MicrosoftMixedReality/MI_MicrosoftMixedReality.uexp" 452
"../../../Engine/Plugins/Runtime/OpenXR/Content/Devices/MicrosoftMixedReality/Left/left_MicrosoftMixedRealityController.uasset" 453
"../../../Engine/Plugins/Runtime/OpenXR/Content/Devices/MicrosoftMixedReality/Left/left_MicrosoftMixedRealityController.uexp" 454
"../../../Engine/Plugins/Runtime/OpenXR/Content/Devices/MicrosoftMixedReality/Right/right_MicrosoftMixedRealityController.uasset" 455
"../../../Engine/Plugins/Runtime/OpenXR/Content/Devices/MicrosoftMixedReality/Right/right_MicrosoftMixedRealityController.uexp" 456
"../../../Engine/Plugins/Runtime/OpenXR/Content/Devices/OculusGo/BaseTexture.uasset" 457
"../../../Engine/Plugins/Runtime/OpenXR/Content/Devices/OculusGo/BaseTexture.uexp" 458
"../../../Engine/Plugins/Runtime/OpenXR/Content/Devices/OculusGo/BaseTexture.ubulk" 459
"../../../Engine/Plugins/Runtime/OpenXR/Content/Devices/OculusGo/MI_OculusGo.uasset" 460
"../../../Engine/Plugins/Runtime/OpenXR/Content/Devices/OculusGo/MI_OculusGo.uexp" 461
"../../../Engine/Plugins/Runtime/OpenXR/Content/Devices/OculusGo/OculusGoController.uasset" 462
"../../../Engine/Plugins/Runtime/OpenXR/Content/Devices/OculusGo/OculusGoController.uexp" 463
"../../../Engine/Plugins/Runtime/OpenXR/Content/Devices/OculusTouch/MRTexture.uasset" 464
"../../../Engine/Plugins/Runtime/OpenXR/Content/Devices/OculusTouch/MRTexture.uexp" 465
"../../../Engine/Plugins/Runtime/OpenXR/Content/Devices/OculusTouch/MRTexture.ubulk" 466
"../../../Engine/Plugins/Runtime/OpenXR/Content/Devices/OculusTouch/BaseTexture.uasset" 467
"../../../Engine/Plugins/Runtime/OpenXR/Content/Devices/OculusTouch/BaseTexture.uexp" 468
"../../../Engine/Plugins/Runtime/OpenXR/Content/Devices/OculusTouch/BaseTexture.ubulk" 469
"../../../Engine/Plugins/Runtime/OpenXR/Content/Devices/OculusTouch/MI_OculusTouch.uasset" 470
"../../../Engine/Plugins/Runtime/OpenXR/Content/Devices/OculusTouch/MI_OculusTouch.uexp" 471
"../../../Engine/Plugins/Runtime/OpenXR/Content/Devices/OculusTouch/Left/left_OculusTouchController.uasset" 472
"../../../Engine/Plugins/Runtime/OpenXR/Content/Devices/OculusTouch/Left/left_OculusTouchController.uexp" 473
"../../../Engine/Plugins/Runtime/OpenXR/Content/Devices/OculusTouch/Right/right_OculusTouchController.uasset" 474
"../../../Engine/Plugins/Runtime/OpenXR/Content/Devices/OculusTouch/Right/right_OculusTouchController.uexp" 475
"../../../Engine/Plugins/Runtime/OpenXR/Content/Devices/OculusTouch_v2/MRTexture.uasset" 476
"../../../Engine/Plugins/Runtime/OpenXR/Content/Devices/OculusTouch_v2/MRTexture.uexp" 477
"../../../Engine/Plugins/Runtime/OpenXR/Content/Devices/OculusTouch_v2/MRTexture.ubulk" 478
"../../../Engine/Plugins/Runtime/OpenXR/Content/Devices/OculusTouch_v2/BaseTexture.uasset" 479
"../../../Engine/Plugins/Runtime/OpenXR/Content/Devices/OculusTouch_v2/BaseTexture.uexp" 480
"../../../Engine/Plugins/Runtime/OpenXR/Content/Devices/OculusTouch_v2/BaseTexture.ubulk" 481
"../../../Engine/Plugins/Runtime/OpenXR/Content/Devices/OculusTouch_v2/MI_OculusTouch_v2.uasset" 482
"../../../Engine/Plugins/Runtime/OpenXR/Content/Devices/OculusTouch_v2/MI_OculusTouch_v2.uexp" 483
"../../../Engine/Plugins/Runtime/OpenXR/Content/Devices/OculusTouch_v2/Left/left_OculusTouch_v2Controller.uasset" 484
"../../../Engine/Plugins/Runtime/OpenXR/Content/Devices/OculusTouch_v2/Left/left_OculusTouch_v2Controller.uexp" 485
"../../../Engine/Plugins/Runtime/OpenXR/Content/Devices/OculusTouch_v2/Right/right_OculusTouch_v2Controller.uasset" 486
"../../../Engine/Plugins/Runtime/OpenXR/Content/Devices/OculusTouch_v2/Right/right_OculusTouch_v2Controller.uexp" 487
"../../../Engine/Plugins/Runtime/OpenXR/Content/Devices/OculusTouch_v3/MRTexture.uasset" 488
"../../../Engine/Plugins/Runtime/OpenXR/Content/Devices/OculusTouch_v3/MRTexture.uexp" 489
"../../../Engine/Plugins/Runtime/OpenXR/Content/Devices/OculusTouch_v3/MRTexture.ubulk" 490
"../../../Engine/Plugins/Runtime/OpenXR/Content/Devices/OculusTouch_v3/BaseTexture.uasset" 491
"../../../Engine/Plugins/Runtime/OpenXR/Content/Devices/OculusTouch_v3/BaseTexture.uexp" 492
"../../../Engine/Plugins/Runtime/OpenXR/Content/Devices/OculusTouch_v3/BaseTexture.ubulk" 493
"../../../Engine/Plugins/Runtime/OpenXR/Content/Devices/OculusTouch_v3/MI_OculusTouch_v3.uasset" 494
"../../../Engine/Plugins/Runtime/OpenXR/Content/Devices/OculusTouch_v3/MI_OculusTouch_v3.uexp" 495
"../../../Engine/Plugins/Runtime/OpenXR/Content/Devices/OculusTouch_v3/Left/left_OculusTouch_v3Controller.uasset" 496
"../../../Engine/Plugins/Runtime/OpenXR/Content/Devices/OculusTouch_v3/Left/left_OculusTouch_v3Controller.uexp" 497
"../../../Engine/Plugins/Runtime/OpenXR/Content/Devices/OculusTouch_v3/Right/right_OculusTouch_v3Controller.uasset" 498
"../../../Engine/Plugins/Runtime/OpenXR/Content/Devices/OculusTouch_v3/Right/right_OculusTouch_v3Controller.uexp" 499
"../../../Engine/Plugins/Runtime/OpenXR/Content/Devices/ValveIndex/Left/left_MRTexture.uasset" 500
"../../../Engine/Plugins/Runtime/OpenXR/Content/Devices/ValveIndex/Left/left_MRTexture.uexp" 501
"../../../Engine/Plugins/Runtime/OpenXR/Content/Devices/ValveIndex/Left/left_MRTexture.ubulk" 502
"../../../Engine/Plugins/Runtime/OpenXR/Content/Devices/ValveIndex/Left/left_BaseTexture.uasset" 503
"../../../Engine/Plugins/Runtime/OpenXR/Content/Devices/ValveIndex/Left/left_BaseTexture.uexp" 504
"../../../Engine/Plugins/Runtime/OpenXR/Content/Devices/ValveIndex/Left/left_BaseTexture.ubulk" 505
"../../../Engine/Plugins/Runtime/OpenXR/Content/Devices/ValveIndex/Left/MI_left_ValveIndex.uasset" 506
"../../../Engine/Plugins/Runtime/OpenXR/Content/Devices/ValveIndex/Left/MI_left_ValveIndex.uexp" 507
"../../../Engine/Plugins/Runtime/OpenXR/Content/Devices/ValveIndex/Left/left_ValveIndexController.uasset" 508
"../../../Engine/Plugins/Runtime/OpenXR/Content/Devices/ValveIndex/Left/left_ValveIndexController.uexp" 509
"../../../Engine/Plugins/Runtime/OpenXR/Content/Devices/ValveIndex/Right/right_MRTexture.uasset" 510
"../../../Engine/Plugins/Runtime/OpenXR/Content/Devices/ValveIndex/Right/right_MRTexture.uexp" 511
"../../../Engine/Plugins/Runtime/OpenXR/Content/Devices/ValveIndex/Right/right_MRTexture.ubulk" 512
"../../../Engine/Plugins/Runtime/OpenXR/Content/Devices/ValveIndex/Right/right_BaseTexture.uasset" 513
"../../../Engine/Plugins/Runtime/OpenXR/Content/Devices/ValveIndex/Right/right_BaseTexture.uexp" 514
"../../../Engine/Plugins/Runtime/OpenXR/Content/Devices/ValveIndex/Right/right_BaseTexture.ubulk" 515
"../../../Engine/Plugins/Runtime/OpenXR/Content/Devices/ValveIndex/Right/MI_right_ValveIndex.uasset" 516
"../../../Engine/Plugins/Runtime/OpenXR/Content/Devices/ValveIndex/Right/MI_right_ValveIndex.uexp" 517
"../../../Engine/Plugins/Runtime/OpenXR/Content/Devices/ValveIndex/Right/right_ValveIndexController.uasset" 518
"../../../Engine/Plugins/Runtime/OpenXR/Content/Devices/ValveIndex/Right/right_ValveIndexController.uexp" 519
"../../../Engine/Content/Functions/Engine_MaterialFunctions02/Utility/BreakOutFloat4Components.uasset" 520
"../../../Engine/Content/Functions/Engine_MaterialFunctions02/Utility/BreakOutFloat4Components.uexp" 521
"../../../Engine/Content/Functions/Engine_MaterialFunctions02/Utility/MakeFloat3.uasset" 522
"../../../Engine/Content/Functions/Engine_MaterialFunctions02/Utility/MakeFloat3.uexp" 523
"../../../Engine/Plugins/Runtime/Oculus/OculusVR/Content/Materials/OculusMR_ChromaKey.uasset" 524
"../../../Engine/Plugins/Runtime/Oculus/OculusVR/Content/Materials/OculusMR_ChromaKey.uexp" 525
"../../../Engine/Plugins/Runtime/Oculus/OculusVR/Content/Materials/OculusMR_OpaqueColoredMaterial.uasset" 526
"../../../Engine/Plugins/Runtime/Oculus/OculusVR/Content/Materials/OculusMR_OpaqueColoredMaterial.uexp" 527
"../../../Engine/Plugins/Runtime/Oculus/OculusVR/Content/Materials/PokeAHoleMaterial.uasset" 528
"../../../Engine/Plugins/Runtime/Oculus/OculusVR/Content/Materials/PokeAHoleMaterial.uexp" 529
"../../../Engine/Plugins/Runtime/Oculus/OculusVR/Content/Textures/touchController_controlmap.uasset" 530
"../../../Engine/Plugins/Runtime/Oculus/OculusVR/Content/Textures/touchController_controlmap.uexp" 531
"../../../Engine/Plugins/Runtime/Oculus/OculusVR/Content/Textures/touchController_controlmap.ubulk" 532
"../../../Engine/Plugins/Runtime/Oculus/OculusVR/Content/Textures/touchController_albedo.uasset" 533
"../../../Engine/Plugins/Runtime/Oculus/OculusVR/Content/Textures/touchController_albedo.uexp" 534
"../../../Engine/Plugins/Runtime/Oculus/OculusVR/Content/Textures/touchController_albedo.ubulk" 535
"../../../Engine/Plugins/Runtime/Oculus/OculusVR/Content/Materials/touchController_mat.uasset" 536
"../../../Engine/Plugins/Runtime/Oculus/OculusVR/Content/Materials/touchController_mat.uexp" 537
"../../../Engine/Plugins/Runtime/Oculus/OculusVR/Content/Meshes/LeftTouchController.uasset" 538
"../../../Engine/Plugins/Runtime/Oculus/OculusVR/Content/Meshes/LeftTouchController.uexp" 539
"../../../Engine/Plugins/Runtime/Oculus/OculusVR/Content/Textures/TouchForQuestRiftSController_albedo.uasset" 540
"../../../Engine/Plugins/Runtime/Oculus/OculusVR/Content/Textures/TouchForQuestRiftSController_albedo.uexp" 541
"../../../Engine/Plugins/Runtime/Oculus/OculusVR/Content/Textures/TouchForQuestRiftSController_albedo.ubulk" 542
"../../../Engine/Plugins/Runtime/Oculus/OculusVR/Content/Materials/TouchForQuestRiftSControllerMaterial.uasset" 543
"../../../Engine/Plugins/Runtime/Oculus/OculusVR/Content/Materials/TouchForQuestRiftSControllerMaterial.uexp" 544
"../../../Engine/Plugins/Runtime/Oculus/OculusVR/Content/Meshes/LeftTouchForQuestRiftSController.uasset" 545
"../../../Engine/Plugins/Runtime/Oculus/OculusVR/Content/Meshes/LeftTouchForQuestRiftSController.uexp" 546
"../../../Engine/Plugins/Runtime/Oculus/OculusVR/Content/Meshes/RiftHMD.uasset" 547
"../../../Engine/Plugins/Runtime/Oculus/OculusVR/Content/Meshes/RiftHMD.uexp" 548
"../../../Engine/Plugins/Runtime/Oculus/OculusVR/Content/Meshes/RightTouchController.uasset" 549
"../../../Engine/Plugins/Runtime/Oculus/OculusVR/Content/Meshes/RightTouchController.uexp" 550
"../../../Engine/Plugins/Runtime/Oculus/OculusVR/Content/Meshes/RightTouchForQuestRiftSController.uasset" 551
"../../../Engine/Plugins/Runtime/Oculus/OculusVR/Content/Meshes/RightTouchForQuestRiftSController.uexp" 552
"D:/Epic game/UE4/Assignment6/Content/Geometry/Meshes/1M_Cube.uasset" 553
"D:/Epic game/UE4/Assignment6/Content/Geometry/Meshes/1M_Cube.uexp" 554
"../../../Engine/Content/EngineSky/T_Sky_Stars.uasset" 555
"../../../Engine/Content/EngineSky/T_Sky_Stars.uexp" 556
"../../../Engine/Content/EngineSky/T_Sky_Stars.ubulk" 557
"../../../Engine/Content/EngineSky/T_Sky_Clouds_M.uasset" 558
"../../../Engine/Content/EngineSky/T_Sky_Clouds_M.uexp" 559
"../../../Engine/Content/EngineSky/T_Sky_Clouds_M.ubulk" 560
"../../../Engine/Content/EngineSky/T_Sky_Blue.uasset" 561
"../../../Engine/Content/EngineSky/T_Sky_Blue.uexp" 562
"../../../Engine/Content/EngineSky/T_Sky_Blue.ubulk" 563
"../../../Engine/Content/EngineSky/M_Sky_Panning_Clouds2.uasset" 564
"../../../Engine/Content/EngineSky/M_Sky_Panning_Clouds2.uexp" 565
"../../../Engine/Content/Functions/Engine_MaterialFunctions03/Procedurals/ComputeFilterWidth.uasset" 566
"../../../Engine/Content/Functions/Engine_MaterialFunctions03/Procedurals/ComputeFilterWidth.uexp" 567
"../../../Engine/Content/EngineMaterials/AntiAliasedTextMaterialTranslucent.uasset" 568
"../../../Engine/Content/EngineMaterials/AntiAliasedTextMaterialTranslucent.uexp" 569
"D:/Epic game/UE4/Assignment6/Content/FirstPersonBP/Maps/FirstPersonExampleMap_BuiltData.uasset" 570
"D:/Epic game/UE4/Assignment6/Content/FirstPersonBP/Maps/FirstPersonExampleMap_BuiltData.uexp" 571
"D:/Epic game/UE4/Assignment6/Content/FirstPersonBP/Maps/FirstPersonExampleMap_BuiltData.ubulk" 572
"../../../Engine/Content/EngineSky/SM_SkySphere.uasset" 573
"../../../Engine/Content/EngineSky/SM_SkySphere.uexp" 574
"../../../Engine/Content/EngineSky/C_Sky_Zenith_Color.uasset" 575
"../../../Engine/Content/EngineSky/C_Sky_Zenith_Color.uexp" 576
"../../../Engine/Content/EngineSky/C_Sky_Horizon_Color.uasset" 577
"../../../Engine/Content/EngineSky/C_Sky_Horizon_Color.uexp" 578
"../../../Engine/Content/EngineSky/C_Sky_Cloud_Color.uasset" 579
"../../../Engine/Content/EngineSky/C_Sky_Cloud_Color.uexp" 580
"../../../Engine/Content/EditorBlueprintResources/StandardMacros.uasset" 581
"../../../Engine/Content/EditorBlueprintResources/StandardMacros.uexp" 582
"../../../Engine/Content/EngineSky/BP_Sky_Sphere.uasset" 583
"../../../Engine/Content/EngineSky/BP_Sky_Sphere.uexp" 584
"D:/Epic game/UE4/Assignment6/Content/FirstPerson/Textures/FirstPersonCrosshair.uasset" 585
"D:/Epic game/UE4/Assignment6/Content/FirstPerson/Textures/FirstPersonCrosshair.uexp" 586
"D:/Epic game/UE4/Assignment6/Content/FirstPersonBP/Blueprints/FirstPersonHUD.uasset" 587
"D:/Epic game/UE4/Assignment6/Content/FirstPersonBP/Blueprints/FirstPersonHUD.uexp" 588
"D:/Epic game/UE4/Assignment6/Content/FPWeapon/Mesh/SK_FPGun_Skeleton.uasset" 589
"D:/Epic game/UE4/Assignment6/Content/FPWeapon/Mesh/SK_FPGun_Skeleton.uexp" 590
"D:/Epic game/UE4/Assignment6/Content/FPWeapon/Mesh/SK_FPGun_PhysicsAsset.uasset" 591
"D:/Epic game/UE4/Assignment6/Content/FPWeapon/Mesh/SK_FPGun_PhysicsAsset.uexp" 592
"D:/Epic game/UE4/Assignment6/Content/FPWeapon/Textures/T_FPGun_N.uasset" 593
"D:/Epic game/UE4/Assignment6/Content/FPWeapon/Textures/T_FPGun_N.uexp" 594
"D:/Epic game/UE4/Assignment6/Content/FPWeapon/Textures/T_FPGun_N.ubulk" 595
"D:/Epic game/UE4/Assignment6/Content/FPWeapon/Textures/T_FPGun_M.uasset" 596
"D:/Epic game/UE4/Assignment6/Content/FPWeapon/Textures/T_FPGun_M.uexp" 597
"D:/Epic game/UE4/Assignment6/Content/FPWeapon/Textures/T_FPGun_M.ubulk" 598
"D:/Epic game/UE4/Assignment6/Content/FPWeapon/Materials/MaterialLayers/T_ML_Rubber_Blue_01_N.uasset" 599
"D:/Epic game/UE4/Assignment6/Content/FPWeapon/Materials/MaterialLayers/T_ML_Rubber_Blue_01_N.uexp" 600
"D:/Epic game/UE4/Assignment6/Content/FPWeapon/Materials/MaterialLayers/T_ML_Rubber_Blue_01_N.ubulk" 601
"D:/Epic game/UE4/Assignment6/Content/FPWeapon/Materials/MaterialLayers/T_ML_Rubber_Blue_01_D.uasset" 602
"D:/Epic game/UE4/Assignment6/Content/FPWeapon/Materials/MaterialLayers/T_ML_Rubber_Blue_01_D.uexp" 603
"D:/Epic game/UE4/Assignment6/Content/FPWeapon/Materials/MaterialLayers/T_ML_Rubber_Blue_01_D.ubulk" 604
"D:/Epic game/UE4/Assignment6/Content/FPWeapon/Materials/MaterialLayers/T_ML_Aluminum01_N.uasset" 605
"D:/Epic game/UE4/Assignment6/Content/FPWeapon/Materials/MaterialLayers/T_ML_Aluminum01_N.uexp" 606
"D:/Epic game/UE4/Assignment6/Content/FPWeapon/Materials/MaterialLayers/T_ML_Aluminum01_N.ubulk" 607
"D:/Epic game/UE4/Assignment6/Content/FPWeapon/Materials/MaterialLayers/T_ML_Aluminum01.uasset" 608
"D:/Epic game/UE4/Assignment6/Content/FPWeapon/Materials/MaterialLayers/T_ML_Aluminum01.uexp" 609
"D:/Epic game/UE4/Assignment6/Content/FPWeapon/Materials/MaterialLayers/T_ML_Aluminum01.ubulk" 610
"D:/Epic game/UE4/Assignment6/Content/FPWeapon/Materials/MaterialLayers/ML_SoftMetal_UE4.uasset" 611
"D:/Epic game/UE4/Assignment6/Content/FPWeapon/Materials/MaterialLayers/ML_SoftMetal_UE4.uexp" 612
"D:/Epic game/UE4/Assignment6/Content/FPWeapon/Materials/MaterialLayers/ML_Screen.uasset" 613
"D:/Epic game/UE4/Assignment6/Content/FPWeapon/Materials/MaterialLayers/ML_Screen.uexp" 614
"D:/Epic game/UE4/Assignment6/Content/FPWeapon/Materials/MaterialLayers/ML_Plastic_Shiny_Beige.uasset" 615
"D:/Epic game/UE4/Assignment6/Content/FPWeapon/Materials/MaterialLayers/ML_Plastic_Shiny_Beige.uexp" 616
"D:/Epic game/UE4/Assignment6/Content/FPWeapon/Materials/MaterialLayers/ML_GlossyBlack_Latex_UE4.uasset" 617
"D:/Epic game/UE4/Assignment6/Content/FPWeapon/Materials/MaterialLayers/ML_GlossyBlack_Latex_UE4.uexp" 618
"../../../Engine/Content/Functions/MaterialLayerFunctions/MatLayerBlend_Simple.uasset" 619
"../../../Engine/Content/Functions/MaterialLayerFunctions/MatLayerBlend_Simple.uexp" 620
"../../../Engine/Content/Functions/Engine_MaterialFunctions02/Utility/BlendAngleCorrectedNormals.uasset" 621
"../../../Engine/Content/Functions/Engine_MaterialFunctions02/Utility/BlendAngleCorrectedNormals.uexp" 622
"../../../Engine/Content/Functions/MaterialLayerFunctions/MatLayerBlend_NormalBlend.uasset" 623
"../../../Engine/Content/Functions/MaterialLayerFunctions/MatLayerBlend_NormalBlend.uexp" 624
"D:/Epic game/UE4/Assignment6/Content/FPWeapon/Materials/M_FPGun.uasset" 625
"D:/Epic game/UE4/Assignment6/Content/FPWeapon/Materials/M_FPGun.uexp" 626
"D:/Epic game/UE4/Assignment6/Content/FPWeapon/Mesh/SK_FPGun.uasset" 627
"D:/Epic game/UE4/Assignment6/Content/FPWeapon/Mesh/SK_FPGun.uexp" 628
"../../../Engine/Content/BasicShapes/Plane.uasset" 629
"../../../Engine/Content/BasicShapes/Plane.uexp" 630
"../../../Engine/Content/BasicShapes/BasicShapeMaterial.uasset" 631
"../../../Engine/Content/BasicShapes/BasicShapeMaterial.uexp" 632
"D:/Epic game/UE4/Assignment6/Content/FirstPerson/Meshes/BaseMaterial.uasset" 633
"D:/Epic game/UE4/Assignment6/Content/FirstPerson/Meshes/BaseMaterial.uexp" 634
"D:/Epic game/UE4/Assignment6/Content/FirstPerson/Meshes/FirstPersonProjectileMaterial.uasset" 635
"D:/Epic game/UE4/Assignment6/Content/FirstPerson/Meshes/FirstPersonProjectileMaterial.uexp" 636
"D:/Epic game/UE4/Assignment6/Content/FirstPerson/Meshes/FirstPersonProjectileMesh.uasset" 637
"D:/Epic game/UE4/Assignment6/Content/FirstPerson/Meshes/FirstPersonProjectileMesh.uexp" 638
"D:/Epic game/UE4/Assignment6/Content/FirstPersonBP/Blueprints/FirstPersonProjectile.uasset" 639
"D:/Epic game/UE4/Assignment6/Content/FirstPersonBP/Blueprints/FirstPersonProjectile.uexp" 640
"D:/Epic game/UE4/Assignment6/Content/FirstPerson/Textures/RFoot.uasset" 641
"D:/Epic game/UE4/Assignment6/Content/FirstPerson/Textures/RFoot.uexp" 642
"D:/Epic game/UE4/Assignment6/Content/FirstPerson/Textures/RFoot_Mat.uasset" 643
"D:/Epic game/UE4/Assignment6/Content/FirstPerson/Textures/RFoot_Mat.uexp" 644
"D:/Epic game/UE4/Assignment6/Content/FirstPersonBP/Blueprints/BP_RFootPrint.uasset" 645
"D:/Epic game/UE4/Assignment6/Content/FirstPersonBP/Blueprints/BP_RFootPrint.uexp" 646
"D:/Epic game/UE4/Assignment6/Content/FirstPerson/Textures/LFoot.uasset" 647
"D:/Epic game/UE4/Assignment6/Content/FirstPerson/Textures/LFoot.uexp" 648
"D:/Epic game/UE4/Assignment6/Content/FirstPerson/Textures/LFoot_Mat.uasset" 649
"D:/Epic game/UE4/Assignment6/Content/FirstPerson/Textures/LFoot_Mat.uexp" 650
"D:/Epic game/UE4/Assignment6/Content/FirstPersonBP/Blueprints/BP_LFootPrint.uasset" 651
"D:/Epic game/UE4/Assignment6/Content/FirstPersonBP/Blueprints/BP_LFootPrint.uexp" 652
"D:/Epic game/UE4/Assignment6/Content/FirstPerson/Character/Mesh/SK_Mannequin_Arms_PhysicsAsset.uasset" 653
"D:/Epic game/UE4/Assignment6/Content/FirstPerson/Character/Mesh/SK_Mannequin_Arms_PhysicsAsset.uexp" 654
"D:/Epic game/UE4/Assignment6/Content/FirstPerson/Character/Textures/UE4_Mannequin_MAT_MASKA.uasset" 655
"D:/Epic game/UE4/Assignment6/Content/FirstPerson/Character/Textures/UE4_Mannequin_MAT_MASKA.uexp" 656
"D:/Epic game/UE4/Assignment6/Content/FirstPerson/Character/Textures/UE4_Mannequin_MAT_MASKA.ubulk" 657
"D:/Epic game/UE4/Assignment6/Content/FirstPerson/Character/Textures/UE4_Mannequin__normals.uasset" 658
"D:/Epic game/UE4/Assignment6/Content/FirstPerson/Character/Textures/UE4_Mannequin__normals.uexp" 659
"D:/Epic game/UE4/Assignment6/Content/FirstPerson/Character/Textures/UE4_Mannequin__normals.ubulk" 660
"D:/Epic game/UE4/Assignment6/Content/FirstPerson/Character/Materials/MaterialLayers/T_ML_Aluminum01_N.uasset" 661
"D:/Epic game/UE4/Assignment6/Content/FirstPerson/Character/Materials/MaterialLayers/T_ML_Aluminum01_N.uexp" 662
"D:/Epic game/UE4/Assignment6/Content/FirstPerson/Character/Materials/MaterialLayers/T_ML_Aluminum01_N.ubulk" 663
"D:/Epic game/UE4/Assignment6/Content/FirstPerson/Character/Materials/MaterialLayers/T_ML_Aluminum01.uasset" 664
"D:/Epic game/UE4/Assignment6/Content/FirstPerson/Character/Materials/MaterialLayers/T_ML_Aluminum01.uexp" 665
"D:/Epic game/UE4/Assignment6/Content/FirstPerson/Character/Materials/MaterialLayers/T_ML_Aluminum01.ubulk" 666
"D:/Epic game/UE4/Assignment6/Content/FirstPerson/Character/Materials/MaterialLayers/ML_SoftMetal_UE4.uasset" 667
"D:/Epic game/UE4/Assignment6/Content/FirstPerson/Character/Materials/MaterialLayers/ML_SoftMetal_UE4.uexp" 668
"D:/Epic game/UE4/Assignment6/Content/FirstPerson/Character/Textures/UE4_LOGO_CARD.uasset" 669
"D:/Epic game/UE4/Assignment6/Content/FirstPerson/Character/Textures/UE4_LOGO_CARD.uexp" 670
"D:/Epic game/UE4/Assignment6/Content/FirstPerson/Character/Textures/UE4_LOGO_CARD.ubulk" 671
"D:/Epic game/UE4/Assignment6/Content/FirstPerson/Character/Materials/MaterialLayers/ML_Plastic_Shiny_Beige_LOGO.uasset" 672
"D:/Epic game/UE4/Assignment6/Content/FirstPerson/Character/Materials/MaterialLayers/ML_Plastic_Shiny_Beige_LOGO.uexp" 673
"D:/Epic game/UE4/Assignment6/Content/FirstPerson/Character/Materials/MaterialLayers/ML_Plastic_Shiny_Beige.uasset" 674
"D:/Epic game/UE4/Assignment6/Content/FirstPerson/Character/Materials/MaterialLayers/ML_Plastic_Shiny_Beige.uexp" 675
"D:/Epic game/UE4/Assignment6/Content/FirstPerson/Character/Materials/MaterialLayers/T_ML_Rubber_Blue_01_N.uasset" 676
"D:/Epic game/UE4/Assignment6/Content/FirstPerson/Character/Materials/MaterialLayers/T_ML_Rubber_Blue_01_N.uexp" 677
"D:/Epic game/UE4/Assignment6/Content/FirstPerson/Character/Materials/MaterialLayers/T_ML_Rubber_Blue_01_N.ubulk" 678
"D:/Epic game/UE4/Assignment6/Content/FirstPerson/Character/Materials/MaterialLayers/T_ML_Rubber_Blue_01_D.uasset" 679
"D:/Epic game/UE4/Assignment6/Content/FirstPerson/Character/Materials/MaterialLayers/T_ML_Rubber_Blue_01_D.uexp" 680
"D:/Epic game/UE4/Assignment6/Content/FirstPerson/Character/Materials/MaterialLayers/T_ML_Rubber_Blue_01_D.ubulk" 681
"D:/Epic game/UE4/Assignment6/Content/FirstPerson/Character/Materials/MaterialLayers/ML_GlossyBlack_Latex_UE4.uasset" 682
"D:/Epic game/UE4/Assignment6/Content/FirstPerson/Character/Materials/MaterialLayers/ML_GlossyBlack_Latex_UE4.uexp" 683
"D:/Epic game/UE4/Assignment6/Content/FirstPerson/Character/Materials/M_UE4Man_Body.uasset" 684
"D:/Epic game/UE4/Assignment6/Content/FirstPerson/Character/Materials/M_UE4Man_Body.uexp" 685
"D:/Epic game/UE4/Assignment6/Content/FirstPerson/Character/Mesh/SK_Mannequin_Arms_Skeleton.uasset" 686
"D:/Epic game/UE4/Assignment6/Content/FirstPerson/Character/Mesh/SK_Mannequin_Arms_Skeleton.uexp" 687
"D:/Epic game/UE4/Assignment6/Content/FirstPerson/Character/Mesh/SK_Mannequin_Arms.uasset" 688
"D:/Epic game/UE4/Assignment6/Content/FirstPerson/Character/Mesh/SK_Mannequin_Arms.uexp" 689
"D:/Epic game/UE4/Assignment6/Content/FirstPerson/Audio/footstep-wood-toe-1.uasset" 690
"D:/Epic game/UE4/Assignment6/Content/FirstPerson/Audio/footstep-wood-toe-1.uexp" 691
"D:/Epic game/UE4/Assignment6/Content/FirstPerson/Audio/footstep-wood-heel-3.uasset" 692
"D:/Epic game/UE4/Assignment6/Content/FirstPerson/Audio/footstep-wood-heel-3.uexp" 693
"D:/Epic game/UE4/Assignment6/Content/FirstPerson/Audio/footstep-wood-heel-2.uasset" 694
"D:/Epic game/UE4/Assignment6/Content/FirstPerson/Audio/footstep-wood-heel-2.uexp" 695
"D:/Epic game/UE4/Assignment6/Content/FirstPerson/Audio/footstep-wood-heel-1.uasset" 696
"D:/Epic game/UE4/Assignment6/Content/FirstPerson/Audio/footstep-wood-heel-1.uexp" 697
"D:/Epic game/UE4/Assignment6/Content/FirstPerson/Audio/FootStepCue.uasset" 698
"D:/Epic game/UE4/Assignment6/Content/FirstPerson/Audio/FootStepCue.uexp" 699
"D:/Epic game/UE4/Assignment6/Content/FirstPerson/Audio/FirstPersonTemplateWeaponFire02.uasset" 700
"D:/Epic game/UE4/Assignment6/Content/FirstPerson/Audio/FirstPersonTemplateWeaponFire02.uexp" 701
"D:/Epic game/UE4/Assignment6/Content/FirstPerson/Animations/FirstPerson_Run.uasset" 702
"D:/Epic game/UE4/Assignment6/Content/FirstPerson/Animations/FirstPerson_Run.uexp" 703
"D:/Epic game/UE4/Assignment6/Content/FirstPerson/Animations/FirstPerson_JumpStart.uasset" 704
"D:/Epic game/UE4/Assignment6/Content/FirstPerson/Animations/FirstPerson_JumpStart.uexp" 705
"D:/Epic game/UE4/Assignment6/Content/FirstPerson/Animations/FirstPerson_JumpLoop.uasset" 706
"D:/Epic game/UE4/Assignment6/Content/FirstPerson/Animations/FirstPerson_JumpLoop.uexp" 707
"D:/Epic game/UE4/Assignment6/Content/FirstPerson/Animations/FirstPerson_JumpEnd.uasset" 708
"D:/Epic game/UE4/Assignment6/Content/FirstPerson/Animations/FirstPerson_JumpEnd.uexp" 709
"D:/Epic game/UE4/Assignment6/Content/FirstPerson/Animations/FirstPerson_Idle.uasset" 710
"D:/Epic game/UE4/Assignment6/Content/FirstPerson/Animations/FirstPerson_Idle.uexp" 711
"D:/Epic game/UE4/Assignment6/Content/FirstPerson/Animations/FirstPerson_AnimBP.uasset" 712
"D:/Epic game/UE4/Assignment6/Content/FirstPerson/Animations/FirstPerson_AnimBP.uexp" 713
"D:/Epic game/UE4/Assignment6/Content/FirstPerson/Animations/FirstPerson_Fire.uasset" 714
"D:/Epic game/UE4/Assignment6/Content/FirstPerson/Animations/FirstPerson_Fire.uexp" 715
"D:/Epic game/UE4/Assignment6/Content/FirstPerson/Animations/FirstPersonFire_Montage.uasset" 716
"D:/Epic game/UE4/Assignment6/Content/FirstPerson/Animations/FirstPersonFire_Montage.uexp" 717
"D:/Epic game/UE4/Assignment6/Content/FirstPersonBP/Blueprints/FirstPersonCharacter.uasset" 718
"D:/Epic game/UE4/Assignment6/Content/FirstPersonBP/Blueprints/FirstPersonCharacter.uexp" 719
"D:/Epic game/UE4/Assignment6/Content/FirstPersonBP/Blueprints/FirstPersonGameMode.uasset" 720
"D:/Epic game/UE4/Assignment6/Content/FirstPersonBP/Blueprints/FirstPersonGameMode.uexp" 721
"D:/Epic game/UE4/Assignment6/Content/FirstPerson/Meshes/CubeMaterialOverride.uasset" 722
"D:/Epic game/UE4/Assignment6/Content/FirstPerson/Meshes/CubeMaterialOverride.uexp" 723
"D:/Epic game/UE4/Assignment6/Content/FirstPersonBP/Maps/FirstPersonExampleMap.uexp" 724
"D:/Epic game/UE4/Assignment6/Content/FirstPersonBP/Maps/FirstPersonExampleMap.umap" 725
"../../../Engine/Content/Maps/Entry_BuiltData.uasset" 726
"../../../Engine/Content/Maps/Entry_BuiltData.uexp" 727
"../../../Engine/Content/Maps/Entry.uexp" 728
"../../../Engine/Content/Maps/Entry.umap" 729
